build/app/intermediates/manifest_merge_blame_file/release/manifest-merger-blame-release-report.txt
1<?xml version="1.0" encoding="utf-8"?>
2<manifest xmlns:android="http://schemas.android.com/apk/res/android"
3    package="com.pedelogo.cliente"
4    android:versionCode="1"
5    android:versionName="1.0.0" >
6
7    <uses-sdk
8        android:minSdkVersion="21"
8-->src/main/AndroidManifest.xml
9        android:targetSdkVersion="34" />
9-->src/main/AndroidManifest.xml
10    <!--
11         io.flutter.app.FlutterApplication is an android.app.Application that
12         calls FlutterMain.startInitialization(this); in its onCreate method.
13         In most cases you can leave this as-is, but you if you want to provide
14         additional functionality it is fine to subclass or reimplement
15         FlutterApplication and put your custom class here.
16    -->
17    <uses-permission android:name="android.permission.INTERNET" />
17-->src/main/AndroidManifest.xml:8:5-66
17-->src/main/AndroidManifest.xml:8:22-64
18    <uses-permission android:name="android.permission.ACCESS_FINE_LOCATION" />
18-->src/main/AndroidManifest.xml:9:5-79
18-->src/main/AndroidManifest.xml:9:22-76
19    <uses-permission android:name="android.permission.ACCESS_COARSE_LOCATION" />
19-->src/main/AndroidManifest.xml:10:5-81
19-->src/main/AndroidManifest.xml:10:22-78
20
21    <queries>
21-->src/main/AndroidManifest.xml:12:5-25:15
22        <intent>
22-->src/main/AndroidManifest.xml:13:9-16:18
23            <action android:name="android.intent.action.VIEW" />
23-->src/main/AndroidManifest.xml:14:13-65
23-->src/main/AndroidManifest.xml:14:21-62
24
25            <data android:scheme="https" />
25-->src/main/AndroidManifest.xml:15:13-44
25-->src/main/AndroidManifest.xml:15:19-41
26        </intent>
27        <intent>
27-->src/main/AndroidManifest.xml:17:9-20:18
28            <action android:name="android.intent.action.DIAL" />
28-->src/main/AndroidManifest.xml:18:13-65
28-->src/main/AndroidManifest.xml:18:21-62
29
30            <data android:scheme="tel" />
30-->src/main/AndroidManifest.xml:15:13-44
30-->src/main/AndroidManifest.xml:15:19-41
31        </intent>
32        <intent>
32-->src/main/AndroidManifest.xml:21:9-24:18
33            <action android:name="android.intent.action.SEND" />
33-->src/main/AndroidManifest.xml:22:13-65
33-->src/main/AndroidManifest.xml:22:21-62
34
35            <data android:mimeType="*/*" />
35-->src/main/AndroidManifest.xml:15:13-44
35-->src/main/AndroidManifest.xml:23:19-41
36        </intent>
37        <intent>
37-->[:file_picker] AndroidManifest.xml:14:9-18:18
38            <action android:name="android.intent.action.GET_CONTENT" />
38-->[:file_picker] AndroidManifest.xml:15:13-72
38-->[:file_picker] AndroidManifest.xml:15:21-69
39
40            <data android:mimeType="*/*" />
40-->src/main/AndroidManifest.xml:15:13-44
40-->src/main/AndroidManifest.xml:23:19-41
41        </intent>
42        <intent>
42-->[:flutter_inappwebview_android] AndroidManifest.xml:10:9-12:18
43            <action android:name="android.support.customtabs.action.CustomTabsService" />
43-->[:flutter_inappwebview_android] AndroidManifest.xml:11:13-90
43-->[:flutter_inappwebview_android] AndroidManifest.xml:11:21-87
44        </intent>
45
46        <package android:name="com.facebook.katana" /> <!-- Needs to be explicitly declared on Android R+ -->
46-->[com.facebook.android:facebook-common:16.3.0] AndroidManifest.xml:18:9-55
46-->[com.facebook.android:facebook-common:16.3.0] AndroidManifest.xml:18:18-52
47        <package android:name="com.google.android.apps.maps" />
47-->[com.google.android.gms:play-services-maps:18.2.0] AndroidManifest.xml:33:9-64
47-->[com.google.android.gms:play-services-maps:18.2.0] AndroidManifest.xml:33:18-61
48
49        <intent>
49-->[androidx.media2:media2-session:1.2.1] AndroidManifest.xml:25:9-27:18
50            <action android:name="android.media.browse.MediaBrowserService" />
50-->[androidx.media2:media2-session:1.2.1] AndroidManifest.xml:26:13-79
50-->[androidx.media2:media2-session:1.2.1] AndroidManifest.xml:26:21-76
51        </intent>
52        <intent>
52-->[androidx.media2:media2-session:1.2.1] AndroidManifest.xml:28:9-30:18
53            <action android:name="androidx.media2.session.MediaSessionService" />
53-->[androidx.media2:media2-session:1.2.1] AndroidManifest.xml:29:13-82
53-->[androidx.media2:media2-session:1.2.1] AndroidManifest.xml:29:21-79
54        </intent>
55        <intent>
55-->[androidx.media2:media2-session:1.2.1] AndroidManifest.xml:31:9-33:18
56            <action android:name="androidx.media2.session.MediaLibraryService" />
56-->[androidx.media2:media2-session:1.2.1] AndroidManifest.xml:32:13-82
56-->[androidx.media2:media2-session:1.2.1] AndroidManifest.xml:32:21-79
57        </intent>
58    </queries>
59
60    <uses-permission android:name="android.permission.WAKE_LOCK" />
60-->[:firebase_messaging] AndroidManifest.xml:10:5-68
60-->[:firebase_messaging] AndroidManifest.xml:10:22-65
61    <uses-permission android:name="android.permission.ACCESS_NETWORK_STATE" /> <!-- Permissions options for the `notification` group -->
61-->[:firebase_messaging] AndroidManifest.xml:11:5-79
61-->[:firebase_messaging] AndroidManifest.xml:11:22-76
62    <uses-permission android:name="android.permission.POST_NOTIFICATIONS" />
62-->[:firebase_messaging] AndroidManifest.xml:13:5-77
62-->[:firebase_messaging] AndroidManifest.xml:13:22-74
63    <uses-permission android:name="android.permission.VIBRATE" />
63-->[:flutter_local_notifications] AndroidManifest.xml:9:5-66
63-->[:flutter_local_notifications] AndroidManifest.xml:9:22-63
64    <uses-permission
64-->[:file_picker] AndroidManifest.xml:9:5-11:38
65        android:name="android.permission.READ_EXTERNAL_STORAGE"
65-->[:file_picker] AndroidManifest.xml:10:9-64
66        android:maxSdkVersion="32" />
66-->[:file_picker] AndroidManifest.xml:11:9-35
67
68    <uses-feature
68-->[com.google.android.gms:play-services-maps:18.2.0] AndroidManifest.xml:26:5-28:35
69        android:glEsVersion="0x00020000"
69-->[com.google.android.gms:play-services-maps:18.2.0] AndroidManifest.xml:27:9-41
70        android:required="true" /> <!-- Required by older versions of Google Play services to create IID tokens -->
70-->[com.google.android.gms:play-services-maps:18.2.0] AndroidManifest.xml:28:9-32
71    <uses-permission android:name="com.google.android.c2dm.permission.RECEIVE" />
71-->[com.google.firebase:firebase-messaging:23.3.1] AndroidManifest.xml:26:5-82
71-->[com.google.firebase:firebase-messaging:23.3.1] AndroidManifest.xml:26:22-79
72    <uses-permission android:name="com.google.android.gms.permission.AD_ID" />
72-->[com.facebook.android:facebook-core:16.3.0] AndroidManifest.xml:16:5-79
72-->[com.facebook.android:facebook-core:16.3.0] AndroidManifest.xml:16:22-76
73
74    <permission
74-->[androidx.core:core:1.10.1] AndroidManifest.xml:22:5-24:47
75        android:name="com.pedelogo.cliente.DYNAMIC_RECEIVER_NOT_EXPORTED_PERMISSION"
75-->[androidx.core:core:1.10.1] AndroidManifest.xml:23:9-81
76        android:protectionLevel="signature" />
76-->[androidx.core:core:1.10.1] AndroidManifest.xml:24:9-44
77
78    <uses-permission android:name="com.pedelogo.cliente.DYNAMIC_RECEIVER_NOT_EXPORTED_PERMISSION" />
78-->[androidx.core:core:1.10.1] AndroidManifest.xml:26:5-97
78-->[androidx.core:core:1.10.1] AndroidManifest.xml:26:22-94
79    <uses-permission android:name="com.google.android.finsky.permission.BIND_GET_INSTALL_REFERRER_SERVICE" />
79-->[com.android.installreferrer:installreferrer:1.0] AndroidManifest.xml:9:5-110
79-->[com.android.installreferrer:installreferrer:1.0] AndroidManifest.xml:9:22-107
80
81    <application
81-->src/main/AndroidManifest.xml:27:5-117:19
82        android:appComponentFactory="androidx.core.app.CoreComponentFactory"
82-->[androidx.core:core:1.10.1] AndroidManifest.xml:28:18-86
83        android:icon="@mipmap/ic_launcher"
83-->src/main/AndroidManifest.xml:31:9-43
84        android:label="Pede Logo"
84-->src/main/AndroidManifest.xml:28:9-34
85        android:requestLegacyExternalStorage="true"
85-->src/main/AndroidManifest.xml:29:9-52
86        android:supportsRtl="true"
86-->[com.facebook.android:facebook-login:16.3.0] AndroidManifest.xml:16:18-44
87        android:usesCleartextTraffic="true" >
87-->src/main/AndroidManifest.xml:30:9-44
88        <meta-data
88-->src/main/AndroidManifest.xml:32:9-33:70
89            android:name="com.google.android.geo.API_KEY"
89-->src/main/AndroidManifest.xml:32:20-65
90            android:value="AIzaSyAFCR8BXMS-PnQ8ep5QrEjspddpERJTeuo" />
90-->src/main/AndroidManifest.xml:33:13-68
91
92        <activity
92-->src/main/AndroidManifest.xml:35:9-79:20
93            android:name="com.pedelogo.cliente.MainActivity"
93-->src/main/AndroidManifest.xml:36:13-41
94            android:configChanges="orientation|keyboardHidden|keyboard|screenSize|smallestScreenSize|locale|layoutDirection|fontScale|screenLayout|density|uiMode"
94-->src/main/AndroidManifest.xml:39:13-163
95            android:exported="true"
95-->src/main/AndroidManifest.xml:41:13-36
96            android:hardwareAccelerated="true"
96-->src/main/AndroidManifest.xml:40:13-47
97            android:launchMode="singleTop"
97-->src/main/AndroidManifest.xml:37:13-43
98            android:theme="@style/LaunchTheme"
98-->src/main/AndroidManifest.xml:38:13-47
99            android:windowSoftInputMode="adjustResize" >
99-->src/main/AndroidManifest.xml:42:13-55
100
101            <!--
102                 Specifies an Android theme to apply to this Activity as soon as
103                 the Android process has started. This theme is visible to the user
104                 while the Flutter UI initializes. After that, this theme continues
105                 to determine the Window background behind the Flutter UI.
106            -->
107            <meta-data
107-->src/main/AndroidManifest.xml:47:13-50:17
108                android:name="io.flutter.embedding.android.NormalTheme"
108-->src/main/AndroidManifest.xml:48:15-70
109                android:resource="@style/NormalTheme" />
109-->src/main/AndroidManifest.xml:49:15-52
110            <!--
111                 Displays an Android View that continues showing the launch screen
112                 Drawable until Flutter paints its first frame, then this splash
113                 screen fades out. A splash screen is useful to avoid any visual
114                 gap between the end of Android's launch screen and the painting of
115                 Flutter's first frame.
116            -->
117            <meta-data
117-->src/main/AndroidManifest.xml:56:13-58:45
118                android:name="com.google.firebase.messaging.default_notification_channel_id"
118-->src/main/AndroidManifest.xml:57:17-93
119                android:value="stackfood" />
119-->src/main/AndroidManifest.xml:58:17-42
120
121            <intent-filter>
121-->src/main/AndroidManifest.xml:59:13-62:29
122                <action android:name="android.intent.action.MAIN" />
122-->src/main/AndroidManifest.xml:60:17-68
122-->src/main/AndroidManifest.xml:60:25-66
123
124                <category android:name="android.intent.category.LAUNCHER" />
124-->src/main/AndroidManifest.xml:61:17-76
124-->src/main/AndroidManifest.xml:61:27-74
125            </intent-filter>
126            <intent-filter>
126-->src/main/AndroidManifest.xml:63:13-66:29
127                <action android:name="FLUTTER_NOTIFICATION_CLICK" />
127-->src/main/AndroidManifest.xml:64:17-69
127-->src/main/AndroidManifest.xml:64:25-66
128
129                <category android:name="android.intent.category.DEFAULT" />
129-->src/main/AndroidManifest.xml:65:17-76
129-->src/main/AndroidManifest.xml:65:27-73
130            </intent-filter>
131
132            <!-- Deep Links -->
133            <intent-filter>
133-->src/main/AndroidManifest.xml:69:13-77:29
134                <action android:name="android.intent.action.VIEW" />
134-->src/main/AndroidManifest.xml:14:13-65
134-->src/main/AndroidManifest.xml:14:21-62
135
136                <category android:name="android.intent.category.DEFAULT" />
136-->src/main/AndroidManifest.xml:65:17-76
136-->src/main/AndroidManifest.xml:65:27-73
137                <category android:name="android.intent.category.BROWSABLE" />
137-->src/main/AndroidManifest.xml:72:17-78
137-->src/main/AndroidManifest.xml:72:27-75
138                <!-- Accepts URIs that begin with YOUR_SCHEME://YOUR_HOST -->
139                <data
139-->src/main/AndroidManifest.xml:15:13-44
140                    android:host="stackfood.com"
140-->src/main/AndroidManifest.xml:76:21-49
141                    android:scheme="StackFood" />
141-->src/main/AndroidManifest.xml:15:19-41
142            </intent-filter>
143        </activity>
144        <!--
145             Don't delete the meta-data below.
146             This is used by the Flutter tool to generate GeneratedPluginRegistrant.java
147        -->
148        <meta-data
148-->src/main/AndroidManifest.xml:82:9-84:33
149            android:name="flutterEmbedding"
149-->src/main/AndroidManifest.xml:83:13-44
150            android:value="2" />
150-->src/main/AndroidManifest.xml:84:13-30
151        <meta-data
151-->src/main/AndroidManifest.xml:85:9-107
152            android:name="com.facebook.sdk.ApplicationId"
152-->src/main/AndroidManifest.xml:85:20-65
153            android:value="@string/facebook_app_id" />
153-->src/main/AndroidManifest.xml:85:66-105
154        <meta-data
154-->src/main/AndroidManifest.xml:86:9-111
155            android:name="com.facebook.sdk.ClientToken"
155-->src/main/AndroidManifest.xml:86:20-63
156            android:value="@string/facebook_client_token" />
156-->src/main/AndroidManifest.xml:86:64-109
157
158        <activity
158-->src/main/AndroidManifest.xml:89:9-92:48
159            android:name="com.facebook.FacebookActivity"
159-->src/main/AndroidManifest.xml:89:19-63
160            android:configChanges="keyboard|keyboardHidden|screenLayout|screenSize|orientation"
160-->src/main/AndroidManifest.xml:90:13-113
161            android:label="@string/app_name"
161-->src/main/AndroidManifest.xml:92:13-45
162            android:theme="@style/com_facebook_activity_theme" />
162-->[com.facebook.android:facebook-common:16.3.0] AndroidManifest.xml:25:13-63
163        <activity
163-->src/main/AndroidManifest.xml:93:9-102:20
164            android:name="com.facebook.CustomTabActivity"
164-->src/main/AndroidManifest.xml:94:13-58
165            android:exported="true" >
165-->src/main/AndroidManifest.xml:95:13-36
166            <intent-filter>
166-->src/main/AndroidManifest.xml:96:13-101:29
167                <action android:name="android.intent.action.VIEW" />
167-->src/main/AndroidManifest.xml:14:13-65
167-->src/main/AndroidManifest.xml:14:21-62
168
169                <category android:name="android.intent.category.DEFAULT" />
169-->src/main/AndroidManifest.xml:65:17-76
169-->src/main/AndroidManifest.xml:65:27-73
170                <category android:name="android.intent.category.BROWSABLE" />
170-->src/main/AndroidManifest.xml:72:17-78
170-->src/main/AndroidManifest.xml:72:27-75
171
172                <data android:scheme="@string/fb_login_protocol_scheme" />
172-->src/main/AndroidManifest.xml:15:13-44
172-->src/main/AndroidManifest.xml:15:19-41
173            </intent-filter>
174            <intent-filter>
174-->[com.facebook.android:facebook-common:16.3.0] AndroidManifest.xml:31:13-40:29
175                <action android:name="android.intent.action.VIEW" />
175-->src/main/AndroidManifest.xml:14:13-65
175-->src/main/AndroidManifest.xml:14:21-62
176
177                <category android:name="android.intent.category.DEFAULT" />
177-->src/main/AndroidManifest.xml:65:17-76
177-->src/main/AndroidManifest.xml:65:27-73
178                <category android:name="android.intent.category.BROWSABLE" />
178-->src/main/AndroidManifest.xml:72:17-78
178-->src/main/AndroidManifest.xml:72:27-75
179
180                <data
180-->src/main/AndroidManifest.xml:15:13-44
181                    android:host="cct.com.pedelogo.cliente"
181-->src/main/AndroidManifest.xml:76:21-49
182                    android:scheme="fbconnect" />
182-->src/main/AndroidManifest.xml:15:19-41
183            </intent-filter>
184        </activity>
185        <activity
185-->src/main/AndroidManifest.xml:103:9-115:20
186            android:name="com.aboutyou.dart_packages.sign_in_with_apple.SignInWithAppleCallback"
186-->src/main/AndroidManifest.xml:104:13-97
187            android:exported="true" >
187-->src/main/AndroidManifest.xml:105:13-36
188            <intent-filter>
188-->src/main/AndroidManifest.xml:107:13-114:29
189                <action android:name="android.intent.action.VIEW" />
189-->src/main/AndroidManifest.xml:14:13-65
189-->src/main/AndroidManifest.xml:14:21-62
190
191                <category android:name="android.intent.category.DEFAULT" />
191-->src/main/AndroidManifest.xml:65:17-76
191-->src/main/AndroidManifest.xml:65:27-73
192                <category android:name="android.intent.category.BROWSABLE" />
192-->src/main/AndroidManifest.xml:72:17-78
192-->src/main/AndroidManifest.xml:72:27-75
193
194                <data android:scheme="signinwithapple" />
194-->src/main/AndroidManifest.xml:15:13-44
194-->src/main/AndroidManifest.xml:15:19-41
195                <data android:path="callback" />
195-->src/main/AndroidManifest.xml:15:13-44
195-->src/main/AndroidManifest.xml:113:23-46
196            </intent-filter>
197        </activity>
198
199        <service
199-->[:firebase_messaging] AndroidManifest.xml:16:9-19:72
200            android:name="io.flutter.plugins.firebase.messaging.FlutterFirebaseMessagingBackgroundService"
200-->[:firebase_messaging] AndroidManifest.xml:17:13-107
201            android:exported="false"
201-->[:firebase_messaging] AndroidManifest.xml:18:13-37
202            android:permission="android.permission.BIND_JOB_SERVICE" />
202-->[:firebase_messaging] AndroidManifest.xml:19:13-69
203        <service
203-->[:firebase_messaging] AndroidManifest.xml:20:9-26:19
204            android:name="io.flutter.plugins.firebase.messaging.FlutterFirebaseMessagingService"
204-->[:firebase_messaging] AndroidManifest.xml:21:13-97
205            android:exported="false" >
205-->[:firebase_messaging] AndroidManifest.xml:22:13-37
206            <intent-filter>
206-->[:firebase_messaging] AndroidManifest.xml:23:13-25:29
207                <action android:name="com.google.firebase.MESSAGING_EVENT" />
207-->[:firebase_messaging] AndroidManifest.xml:24:17-78
207-->[:firebase_messaging] AndroidManifest.xml:24:25-75
208            </intent-filter>
209        </service>
210
211        <receiver
211-->[:firebase_messaging] AndroidManifest.xml:28:9-35:20
212            android:name="io.flutter.plugins.firebase.messaging.FlutterFirebaseMessagingReceiver"
212-->[:firebase_messaging] AndroidManifest.xml:29:13-98
213            android:exported="true"
213-->[:firebase_messaging] AndroidManifest.xml:30:13-36
214            android:permission="com.google.android.c2dm.permission.SEND" >
214-->[:firebase_messaging] AndroidManifest.xml:31:13-73
215            <intent-filter>
215-->[:firebase_messaging] AndroidManifest.xml:32:13-34:29
216                <action android:name="com.google.android.c2dm.intent.RECEIVE" />
216-->[:firebase_messaging] AndroidManifest.xml:33:17-81
216-->[:firebase_messaging] AndroidManifest.xml:33:25-78
217            </intent-filter>
218        </receiver>
219
220        <service
220-->[:firebase_messaging] AndroidManifest.xml:37:9-41:19
221            android:name="com.google.firebase.components.ComponentDiscoveryService"
221-->[:firebase_messaging] AndroidManifest.xml:37:18-89
222            android:directBootAware="true"
222-->[com.google.firebase:firebase-common:20.4.2] AndroidManifest.xml:32:13-43
223            android:exported="false" >
223-->[com.google.firebase:firebase-messaging:23.3.1] AndroidManifest.xml:56:13-37
224            <meta-data
224-->[:firebase_messaging] AndroidManifest.xml:38:13-40:85
225                android:name="com.google.firebase.components:io.flutter.plugins.firebase.messaging.FlutterFirebaseAppRegistrar"
225-->[:firebase_messaging] AndroidManifest.xml:39:17-128
226                android:value="com.google.firebase.components.ComponentRegistrar" />
226-->[:firebase_messaging] AndroidManifest.xml:40:17-82
227            <meta-data
227-->[:firebase_crashlytics] AndroidManifest.xml:11:13-13:85
228                android:name="com.google.firebase.components:io.flutter.plugins.firebase.crashlytics.FlutterFirebaseAppRegistrar"
228-->[:firebase_crashlytics] AndroidManifest.xml:12:17-130
229                android:value="com.google.firebase.components.ComponentRegistrar" />
229-->[:firebase_crashlytics] AndroidManifest.xml:13:17-82
230            <meta-data
230-->[:firebase_core] AndroidManifest.xml:11:13-13:85
231                android:name="com.google.firebase.components:io.flutter.plugins.firebase.core.FlutterFirebaseCoreRegistrar"
231-->[:firebase_core] AndroidManifest.xml:12:17-124
232                android:value="com.google.firebase.components.ComponentRegistrar" />
232-->[:firebase_core] AndroidManifest.xml:13:17-82
233            <meta-data
233-->[com.google.firebase:firebase-messaging:23.3.1] AndroidManifest.xml:57:13-59:85
234                android:name="com.google.firebase.components:com.google.firebase.messaging.FirebaseMessagingKtxRegistrar"
234-->[com.google.firebase:firebase-messaging:23.3.1] AndroidManifest.xml:58:17-122
235                android:value="com.google.firebase.components.ComponentRegistrar" />
235-->[com.google.firebase:firebase-messaging:23.3.1] AndroidManifest.xml:59:17-82
236            <meta-data
236-->[com.google.firebase:firebase-messaging:23.3.1] AndroidManifest.xml:60:13-62:85
237                android:name="com.google.firebase.components:com.google.firebase.messaging.FirebaseMessagingRegistrar"
237-->[com.google.firebase:firebase-messaging:23.3.1] AndroidManifest.xml:61:17-119
238                android:value="com.google.firebase.components.ComponentRegistrar" />
238-->[com.google.firebase:firebase-messaging:23.3.1] AndroidManifest.xml:62:17-82
239            <meta-data
239-->[com.google.firebase:firebase-iid:21.1.0] AndroidManifest.xml:32:13-34:85
240                android:name="com.google.firebase.components:com.google.firebase.iid.Registrar"
240-->[com.google.firebase:firebase-iid:21.1.0] AndroidManifest.xml:33:17-96
241                android:value="com.google.firebase.components.ComponentRegistrar" />
241-->[com.google.firebase:firebase-iid:21.1.0] AndroidManifest.xml:34:17-82
242            <meta-data
242-->[com.google.firebase:firebase-crashlytics:18.6.0] AndroidManifest.xml:15:13-17:85
243                android:name="com.google.firebase.components:com.google.firebase.crashlytics.FirebaseCrashlyticsKtxRegistrar"
243-->[com.google.firebase:firebase-crashlytics:18.6.0] AndroidManifest.xml:16:17-126
244                android:value="com.google.firebase.components.ComponentRegistrar" />
244-->[com.google.firebase:firebase-crashlytics:18.6.0] AndroidManifest.xml:17:17-82
245            <meta-data
245-->[com.google.firebase:firebase-crashlytics:18.6.0] AndroidManifest.xml:18:13-20:85
246                android:name="com.google.firebase.components:com.google.firebase.crashlytics.CrashlyticsRegistrar"
246-->[com.google.firebase:firebase-crashlytics:18.6.0] AndroidManifest.xml:19:17-115
247                android:value="com.google.firebase.components.ComponentRegistrar" />
247-->[com.google.firebase:firebase-crashlytics:18.6.0] AndroidManifest.xml:20:17-82
248            <meta-data
248-->[com.google.firebase:firebase-sessions:1.2.0] AndroidManifest.xml:29:13-31:85
249                android:name="com.google.firebase.components:com.google.firebase.sessions.FirebaseSessionsRegistrar"
249-->[com.google.firebase:firebase-sessions:1.2.0] AndroidManifest.xml:30:17-117
250                android:value="com.google.firebase.components.ComponentRegistrar" />
250-->[com.google.firebase:firebase-sessions:1.2.0] AndroidManifest.xml:31:17-82
251            <meta-data
251-->[com.google.firebase:firebase-installations:17.2.0] AndroidManifest.xml:15:13-17:85
252                android:name="com.google.firebase.components:com.google.firebase.installations.FirebaseInstallationsKtxRegistrar"
252-->[com.google.firebase:firebase-installations:17.2.0] AndroidManifest.xml:16:17-130
253                android:value="com.google.firebase.components.ComponentRegistrar" />
253-->[com.google.firebase:firebase-installations:17.2.0] AndroidManifest.xml:17:17-82
254            <meta-data
254-->[com.google.firebase:firebase-installations:17.2.0] AndroidManifest.xml:18:13-20:85
255                android:name="com.google.firebase.components:com.google.firebase.installations.FirebaseInstallationsRegistrar"
255-->[com.google.firebase:firebase-installations:17.2.0] AndroidManifest.xml:19:17-127
256                android:value="com.google.firebase.components.ComponentRegistrar" />
256-->[com.google.firebase:firebase-installations:17.2.0] AndroidManifest.xml:20:17-82
257            <meta-data
257-->[com.google.firebase:firebase-common-ktx:20.4.2] AndroidManifest.xml:12:13-14:85
258                android:name="com.google.firebase.components:com.google.firebase.ktx.FirebaseCommonLegacyRegistrar"
258-->[com.google.firebase:firebase-common-ktx:20.4.2] AndroidManifest.xml:13:17-116
259                android:value="com.google.firebase.components.ComponentRegistrar" />
259-->[com.google.firebase:firebase-common-ktx:20.4.2] AndroidManifest.xml:14:17-82
260            <meta-data
260-->[com.google.firebase:firebase-common:20.4.2] AndroidManifest.xml:35:13-37:85
261                android:name="com.google.firebase.components:com.google.firebase.FirebaseCommonKtxRegistrar"
261-->[com.google.firebase:firebase-common:20.4.2] AndroidManifest.xml:36:17-109
262                android:value="com.google.firebase.components.ComponentRegistrar" />
262-->[com.google.firebase:firebase-common:20.4.2] AndroidManifest.xml:37:17-82
263            <meta-data
263-->[com.google.firebase:firebase-datatransport:18.1.8] AndroidManifest.xml:27:13-29:85
264                android:name="com.google.firebase.components:com.google.firebase.datatransport.TransportRegistrar"
264-->[com.google.firebase:firebase-datatransport:18.1.8] AndroidManifest.xml:28:17-115
265                android:value="com.google.firebase.components.ComponentRegistrar" />
265-->[com.google.firebase:firebase-datatransport:18.1.8] AndroidManifest.xml:29:17-82
266        </service>
267
268        <provider
268-->[:firebase_messaging] AndroidManifest.xml:43:9-47:38
269            android:name="io.flutter.plugins.firebase.messaging.FlutterFirebaseMessagingInitProvider"
269-->[:firebase_messaging] AndroidManifest.xml:44:13-102
270            android:authorities="com.pedelogo.cliente.flutterfirebasemessaginginitprovider"
270-->[:firebase_messaging] AndroidManifest.xml:45:13-88
271            android:exported="false"
271-->[:firebase_messaging] AndroidManifest.xml:46:13-37
272            android:initOrder="99" />
272-->[:firebase_messaging] AndroidManifest.xml:47:13-35
273
274        <service
274-->[:geolocator_android] AndroidManifest.xml:10:9-14:56
275            android:name="com.baseflow.geolocator.GeolocatorLocationService"
275-->[:geolocator_android] AndroidManifest.xml:11:13-77
276            android:enabled="true"
276-->[:geolocator_android] AndroidManifest.xml:12:13-35
277            android:exported="false"
277-->[:geolocator_android] AndroidManifest.xml:13:13-37
278            android:foregroundServiceType="location" />
278-->[:geolocator_android] AndroidManifest.xml:14:13-53
279        <!--
280           Declares a provider which allows us to store files to share in
281           '.../caches/share_plus' and grant the receiving action access
282        -->
283        <provider
283-->[:share_plus] AndroidManifest.xml:15:9-23:20
284            android:name="dev.fluttercommunity.plus.share.ShareFileProvider"
284-->[:share_plus] AndroidManifest.xml:16:13-77
285            android:authorities="com.pedelogo.cliente.flutter.share_provider"
285-->[:share_plus] AndroidManifest.xml:17:13-74
286            android:exported="false"
286-->[:share_plus] AndroidManifest.xml:18:13-37
287            android:grantUriPermissions="true" >
287-->[:share_plus] AndroidManifest.xml:19:13-47
288            <meta-data
288-->[:share_plus] AndroidManifest.xml:20:13-22:68
289                android:name="android.support.FILE_PROVIDER_PATHS"
289-->[:share_plus] AndroidManifest.xml:21:17-67
290                android:resource="@xml/flutter_share_file_paths" />
290-->[:share_plus] AndroidManifest.xml:22:17-65
291        </provider>
292        <!--
293           This manifest declared broadcast receiver allows us to use an explicit
294           Intent when creating a PendingItent to be informed of the user's choice
295        -->
296        <receiver
296-->[:share_plus] AndroidManifest.xml:28:9-34:20
297            android:name="dev.fluttercommunity.plus.share.SharePlusPendingIntent"
297-->[:share_plus] AndroidManifest.xml:29:13-82
298            android:exported="false" >
298-->[:share_plus] AndroidManifest.xml:30:13-37
299            <intent-filter>
299-->[:share_plus] AndroidManifest.xml:31:13-33:29
300                <action android:name="EXTRA_CHOSEN_COMPONENT" />
300-->[:share_plus] AndroidManifest.xml:32:17-65
300-->[:share_plus] AndroidManifest.xml:32:25-62
301            </intent-filter>
302        </receiver>
303
304        <provider
304-->[:image_picker_android] AndroidManifest.xml:10:9-18:20
305            android:name="io.flutter.plugins.imagepicker.ImagePickerFileProvider"
305-->[:image_picker_android] AndroidManifest.xml:11:13-82
306            android:authorities="com.pedelogo.cliente.flutter.image_provider"
306-->[:image_picker_android] AndroidManifest.xml:12:13-74
307            android:exported="false"
307-->[:image_picker_android] AndroidManifest.xml:13:13-37